<?xml version="1.0" encoding="UTF-8"?>
<!-- Generated by org.testng.reporters.JUnitReportReporter -->
<testsuite hostname="appus-HP-Pavilion-g6-Notebook-PC" failures="0" tests="1" name="com.simplogics.testcases.CreateVisits" time="0.222" errors="0" timestamp="09 May 2021 12:46:49 GMT" skipped="1">
  <testcase classname="com.simplogics.testcases.CreateVisits" name="createVisits" time="0.222">
    <skipped/>
  </testcase> <!-- createVisits -->
</testsuite> <!-- com.simplogics.testcases.CreateVisits -->
